@@ Using random seed: 1541005591
@@ Using parameters:
.. port: 1341
.. forward_port: 2456
.. delay: 50
.. jitter: 0
.. err_rate: 0
.. cut_rate: 0
.. loss_rate: 10
.. seed: 1541005591
.. link_direction: Both ways
@@ Remote host is ::1 [39650]
[SEQ   0] Delayed packet by 50 ms
[SEQ   0] Sent packet (Forward).
[SEQ   1] Delayed packet by 50 ms
[SEQ   1] Sent packet (Reverse).
[SEQ   1] Delayed packet by 50 ms
[SEQ   2] Dropping packet
[SEQ   3] Delayed packet by 50 ms
[SEQ   4] Delayed packet by 50 ms
[SEQ   5] Delayed packet by 50 ms
[SEQ   6] Delayed packet by 50 ms
[SEQ   7] Delayed packet by 50 ms
[SEQ   1] Sent packet (Forward).
[SEQ   3] Sent packet (Forward).
[SEQ   4] Sent packet (Forward).
[SEQ   5] Sent packet (Forward).
[SEQ   6] Sent packet (Forward).
[SEQ   7] Sent packet (Forward).
[SEQ   2] Delayed packet by 50 ms
[SEQ   2] Sent packet (Reverse).
[SEQ   2] Delayed packet by 50 ms
[SEQ   3] Dropping packet
[SEQ   4] Delayed packet by 50 ms
[SEQ   5] Delayed packet by 50 ms
[SEQ   6] Dropping packet
[SEQ   7] Delayed packet by 50 ms
[SEQ   2] Sent packet (Forward).
[SEQ   4] Sent packet (Forward).
[SEQ   5] Sent packet (Forward).
[SEQ   7] Sent packet (Forward).
[SEQ   3] Delayed packet by 50 ms
[SEQ   4] Delayed packet by 50 ms
[SEQ   5] Delayed packet by 50 ms
[SEQ   6] Delayed packet by 50 ms
[SEQ   7] Delayed packet by 50 ms
[SEQ   8] Delayed packet by 50 ms
[SEQ   8] Delayed packet by 50 ms
[SEQ   8] Delayed packet by 50 ms
[SEQ   8] Delayed packet by 50 ms
[SEQ   3] Sent packet (Reverse).
[SEQ   4] Sent packet (Reverse).
[SEQ   5] Sent packet (Reverse).
[SEQ   6] Sent packet (Reverse).
[SEQ   7] Sent packet (Reverse).
[SEQ   8] Sent packet (Reverse).
[SEQ   8] Sent packet (Reverse).
[SEQ   8] Sent packet (Reverse).
[SEQ   8] Sent packet (Reverse).
[SEQ   8] Delayed packet by 50 ms
[SEQ   8] Sent packet (Forward).
